<?xml version="1.0" encoding="UTF-8"?>
<testsuite name="test_guest_arrival_tests.Test_guest_arrival_tests-20240331152711" tests="25" file="test_guest_arrival_tests.py" time="0.162" timestamp="2024-03-31T15:27:12" failures="0" errors="0" skipped="0">
	<testcase classname="test_guest_arrival_tests.Test_guest_arrival_tests" name="test_guest_arrival_not_valid_1" time="0.007" timestamp="2024-03-31T15:27:12"/>
	<testcase classname="test_guest_arrival_tests.Test_guest_arrival_tests" name="test_guest_arrival_not_valid_10" time="0.006" timestamp="2024-03-31T15:27:12"/>
	<testcase classname="test_guest_arrival_tests.Test_guest_arrival_tests" name="test_guest_arrival_not_valid_11" time="0.006" timestamp="2024-03-31T15:27:12"/>
	<testcase classname="test_guest_arrival_tests.Test_guest_arrival_tests" name="test_guest_arrival_not_valid_12" time="0.007" timestamp="2024-03-31T15:27:12"/>
	<testcase classname="test_guest_arrival_tests.Test_guest_arrival_tests" name="test_guest_arrival_not_valid_13" time="0.007" timestamp="2024-03-31T15:27:12"/>
	<testcase classname="test_guest_arrival_tests.Test_guest_arrival_tests" name="test_guest_arrival_not_valid_14" time="0.007" timestamp="2024-03-31T15:27:12"/>
	<testcase classname="test_guest_arrival_tests.Test_guest_arrival_tests" name="test_guest_arrival_not_valid_15" time="0.007" timestamp="2024-03-31T15:27:12"/>
	<testcase classname="test_guest_arrival_tests.Test_guest_arrival_tests" name="test_guest_arrival_not_valid_16" time="0.007" timestamp="2024-03-31T15:27:12"/>
	<testcase classname="test_guest_arrival_tests.Test_guest_arrival_tests" name="test_guest_arrival_not_valid_17" time="0.006" timestamp="2024-03-31T15:27:12"/>
	<testcase classname="test_guest_arrival_tests.Test_guest_arrival_tests" name="test_guest_arrival_not_valid_18" time="0.006" timestamp="2024-03-31T15:27:12"/>
	<testcase classname="test_guest_arrival_tests.Test_guest_arrival_tests" name="test_guest_arrival_not_valid_19" time="0.007" timestamp="2024-03-31T15:27:12"/>
	<testcase classname="test_guest_arrival_tests.Test_guest_arrival_tests" name="test_guest_arrival_not_valid_2" time="0.007" timestamp="2024-03-31T15:27:12"/>
	<testcase classname="test_guest_arrival_tests.Test_guest_arrival_tests" name="test_guest_arrival_not_valid_20" time="0.007" timestamp="2024-03-31T15:27:12"/>
	<testcase classname="test_guest_arrival_tests.Test_guest_arrival_tests" name="test_guest_arrival_not_valid_21" time="0.007" timestamp="2024-03-31T15:27:12"/>
	<testcase classname="test_guest_arrival_tests.Test_guest_arrival_tests" name="test_guest_arrival_not_valid_22" time="0.007" timestamp="2024-03-31T15:27:12"/>
	<testcase classname="test_guest_arrival_tests.Test_guest_arrival_tests" name="test_guest_arrival_not_valid_23" time="0.007" timestamp="2024-03-31T15:27:12"/>
	<testcase classname="test_guest_arrival_tests.Test_guest_arrival_tests" name="test_guest_arrival_not_valid_24" time="0.006" timestamp="2024-03-31T15:27:12"/>
	<testcase classname="test_guest_arrival_tests.Test_guest_arrival_tests" name="test_guest_arrival_not_valid_3" time="0.008" timestamp="2024-03-31T15:27:12"/>
	<testcase classname="test_guest_arrival_tests.Test_guest_arrival_tests" name="test_guest_arrival_not_valid_4" time="0.007" timestamp="2024-03-31T15:27:12"/>
	<testcase classname="test_guest_arrival_tests.Test_guest_arrival_tests" name="test_guest_arrival_not_valid_5" time="0.007" timestamp="2024-03-31T15:27:12"/>
	<testcase classname="test_guest_arrival_tests.Test_guest_arrival_tests" name="test_guest_arrival_not_valid_6" time="0.007" timestamp="2024-03-31T15:27:12"/>
	<testcase classname="test_guest_arrival_tests.Test_guest_arrival_tests" name="test_guest_arrival_not_valid_7" time="0.006" timestamp="2024-03-31T15:27:12"/>
	<testcase classname="test_guest_arrival_tests.Test_guest_arrival_tests" name="test_guest_arrival_not_valid_8" time="0.007" timestamp="2024-03-31T15:27:12"/>
	<testcase classname="test_guest_arrival_tests.Test_guest_arrival_tests" name="test_guest_arrival_not_valid_9" time="0.007" timestamp="2024-03-31T15:27:12"/>
	<testcase classname="test_guest_arrival_tests.Test_guest_arrival_tests" name="test_guest_arrival_valid_1" time="0.007" timestamp="2024-03-31T15:27:12"/>
</testsuite>
