<?xml version="1.0" encoding="UTF-8"?>
<testsuite name="test_room_reservation_tests.Test_Room_reservation_tests-20240331152711" tests="49" file="test_room_reservation_tests.py" time="0.106" timestamp="2024-03-31T15:27:12" failures="0" errors="0" skipped="0">
	<testcase classname="test_room_reservation_tests.Test_Room_reservation_tests" name="test_room_reservation" time="0.004" timestamp="2024-03-31T15:27:12"/>
	<testcase classname="test_room_reservation_tests.Test_Room_reservation_tests" name="test_room_reservation_arrival_date_not_valid_1" time="0.002" timestamp="2024-03-31T15:27:12"/>
	<testcase classname="test_room_reservation_tests.Test_Room_reservation_tests" name="test_room_reservation_arrival_date_not_valid_2" time="0.003" timestamp="2024-03-31T15:27:12"/>
	<testcase classname="test_room_reservation_tests.Test_Room_reservation_tests" name="test_room_reservation_arrival_date_valid_1" time="0.002" timestamp="2024-03-31T15:27:12"/>
	<testcase classname="test_room_reservation_tests.Test_Room_reservation_tests" name="test_room_reservation_credit_card_not_valid_1" time="0.002" timestamp="2024-03-31T15:27:12"/>
	<testcase classname="test_room_reservation_tests.Test_Room_reservation_tests" name="test_room_reservation_credit_card_not_valid_2" time="0.002" timestamp="2024-03-31T15:27:12"/>
	<testcase classname="test_room_reservation_tests.Test_Room_reservation_tests" name="test_room_reservation_credit_card_not_valid_3" time="0.002" timestamp="2024-03-31T15:27:12"/>
	<testcase classname="test_room_reservation_tests.Test_Room_reservation_tests" name="test_room_reservation_credit_card_not_valid_4" time="0.002" timestamp="2024-03-31T15:27:12"/>
	<testcase classname="test_room_reservation_tests.Test_Room_reservation_tests" name="test_room_reservation_credit_card_not_valid_5" time="0.002" timestamp="2024-03-31T15:27:12"/>
	<testcase classname="test_room_reservation_tests.Test_Room_reservation_tests" name="test_room_reservation_credit_card_not_valid_6" time="0.003" timestamp="2024-03-31T15:27:12"/>
	<testcase classname="test_room_reservation_tests.Test_Room_reservation_tests" name="test_room_reservation_credit_card_valid_1" time="0.002" timestamp="2024-03-31T15:27:12"/>
	<testcase classname="test_room_reservation_tests.Test_Room_reservation_tests" name="test_room_reservation_id_card_not_valid_1" time="0.002" timestamp="2024-03-31T15:27:12"/>
	<testcase classname="test_room_reservation_tests.Test_Room_reservation_tests" name="test_room_reservation_id_card_not_valid_2" time="0.002" timestamp="2024-03-31T15:27:12"/>
	<testcase classname="test_room_reservation_tests.Test_Room_reservation_tests" name="test_room_reservation_id_card_not_valid_3" time="0.002" timestamp="2024-03-31T15:27:12"/>
	<testcase classname="test_room_reservation_tests.Test_Room_reservation_tests" name="test_room_reservation_id_card_not_valid_4" time="0.002" timestamp="2024-03-31T15:27:12"/>
	<testcase classname="test_room_reservation_tests.Test_Room_reservation_tests" name="test_room_reservation_id_card_not_valid_5" time="0.002" timestamp="2024-03-31T15:27:12"/>
	<testcase classname="test_room_reservation_tests.Test_Room_reservation_tests" name="test_room_reservation_id_card_not_valid_6" time="0.003" timestamp="2024-03-31T15:27:12"/>
	<testcase classname="test_room_reservation_tests.Test_Room_reservation_tests" name="test_room_reservation_id_card_not_valid_7" time="0.002" timestamp="2024-03-31T15:27:12"/>
	<testcase classname="test_room_reservation_tests.Test_Room_reservation_tests" name="test_room_reservation_id_card_valid_1" time="0.003" timestamp="2024-03-31T15:27:12"/>
	<testcase classname="test_room_reservation_tests.Test_Room_reservation_tests" name="test_room_reservation_name_surname_not_valid_1" time="0.002" timestamp="2024-03-31T15:27:12"/>
	<testcase classname="test_room_reservation_tests.Test_Room_reservation_tests" name="test_room_reservation_name_surname_not_valid_2" time="0.002" timestamp="2024-03-31T15:27:12"/>
	<testcase classname="test_room_reservation_tests.Test_Room_reservation_tests" name="test_room_reservation_name_surname_not_valid_3" time="0.002" timestamp="2024-03-31T15:27:12"/>
	<testcase classname="test_room_reservation_tests.Test_Room_reservation_tests" name="test_room_reservation_name_surname_not_valid_4" time="0.002" timestamp="2024-03-31T15:27:12"/>
	<testcase classname="test_room_reservation_tests.Test_Room_reservation_tests" name="test_room_reservation_name_surname_not_valid_5" time="0.002" timestamp="2024-03-31T15:27:12"/>
	<testcase classname="test_room_reservation_tests.Test_Room_reservation_tests" name="test_room_reservation_name_surname_not_valid_6" time="0.002" timestamp="2024-03-31T15:27:12"/>
	<testcase classname="test_room_reservation_tests.Test_Room_reservation_tests" name="test_room_reservation_name_surname_valid_1" time="0.002" timestamp="2024-03-31T15:27:12"/>
	<testcase classname="test_room_reservation_tests.Test_Room_reservation_tests" name="test_room_reservation_name_surname_valid_2" time="0.002" timestamp="2024-03-31T15:27:12"/>
	<testcase classname="test_room_reservation_tests.Test_Room_reservation_tests" name="test_room_reservation_name_surname_valid_3" time="0.002" timestamp="2024-03-31T15:27:12"/>
	<testcase classname="test_room_reservation_tests.Test_Room_reservation_tests" name="test_room_reservation_not_valid" time="0.004" timestamp="2024-03-31T15:27:12"/>
	<testcase classname="test_room_reservation_tests.Test_Room_reservation_tests" name="test_room_reservation_num_days_not_valid_1" time="0.002" timestamp="2024-03-31T15:27:12"/>
	<testcase classname="test_room_reservation_tests.Test_Room_reservation_tests" name="test_room_reservation_num_days_not_valid_2" time="0.002" timestamp="2024-03-31T15:27:12"/>
	<testcase classname="test_room_reservation_tests.Test_Room_reservation_tests" name="test_room_reservation_num_days_not_valid_3" time="0.002" timestamp="2024-03-31T15:27:12"/>
	<testcase classname="test_room_reservation_tests.Test_Room_reservation_tests" name="test_room_reservation_num_days_not_valid_4" time="0.002" timestamp="2024-03-31T15:27:12"/>
	<testcase classname="test_room_reservation_tests.Test_Room_reservation_tests" name="test_room_reservation_num_days_not_valid_5" time="0.002" timestamp="2024-03-31T15:27:12"/>
	<testcase classname="test_room_reservation_tests.Test_Room_reservation_tests" name="test_room_reservation_num_days_valid_1" time="0.002" timestamp="2024-03-31T15:27:12"/>
	<testcase classname="test_room_reservation_tests.Test_Room_reservation_tests" name="test_room_reservation_num_days_valid_2" time="0.002" timestamp="2024-03-31T15:27:12"/>
	<testcase classname="test_room_reservation_tests.Test_Room_reservation_tests" name="test_room_reservation_num_days_valid_3" time="0.003" timestamp="2024-03-31T15:27:12"/>
	<testcase classname="test_room_reservation_tests.Test_Room_reservation_tests" name="test_room_reservation_phone_number_not_valid_1" time="0.003" timestamp="2024-03-31T15:27:12"/>
	<testcase classname="test_room_reservation_tests.Test_Room_reservation_tests" name="test_room_reservation_phone_number_not_valid_2" time="0.002" timestamp="2024-03-31T15:27:12"/>
	<testcase classname="test_room_reservation_tests.Test_Room_reservation_tests" name="test_room_reservation_phone_number_not_valid_3" time="0.002" timestamp="2024-03-31T15:27:12"/>
	<testcase classname="test_room_reservation_tests.Test_Room_reservation_tests" name="test_room_reservation_phone_number_not_valid_4" time="0.002" timestamp="2024-03-31T15:27:12"/>
	<testcase classname="test_room_reservation_tests.Test_Room_reservation_tests" name="test_room_reservation_phone_number_not_valid_5" time="0.002" timestamp="2024-03-31T15:27:12"/>
	<testcase classname="test_room_reservation_tests.Test_Room_reservation_tests" name="test_room_reservation_phone_number_not_valid_6" time="0.002" timestamp="2024-03-31T15:27:12"/>
	<testcase classname="test_room_reservation_tests.Test_Room_reservation_tests" name="test_room_reservation_phone_number_not_valid_7" time="0.002" timestamp="2024-03-31T15:27:12"/>
	<testcase classname="test_room_reservation_tests.Test_Room_reservation_tests" name="test_room_reservation_phone_number_valid_1" time="0.002" timestamp="2024-03-31T15:27:12"/>
	<testcase classname="test_room_reservation_tests.Test_Room_reservation_tests" name="test_room_reservation_room_type_not_valid_1" time="0.002" timestamp="2024-03-31T15:27:12"/>
	<testcase classname="test_room_reservation_tests.Test_Room_reservation_tests" name="test_room_reservation_room_type_valid_1" time="0.002" timestamp="2024-03-31T15:27:12"/>
	<testcase classname="test_room_reservation_tests.Test_Room_reservation_tests" name="test_room_reservation_room_type_valid_2" time="0.002" timestamp="2024-03-31T15:27:12"/>
	<testcase classname="test_room_reservation_tests.Test_Room_reservation_tests" name="test_room_reservation_room_type_valid_3" time="0.003" timestamp="2024-03-31T15:27:12"/>
</testsuite>
